<?xml version="1.0" encoding="UTF-8"?>
<robot generator="Robot 7.1 (Python 3.8.0 on win32)" generated="2025-04-24T14:44:29.564754" rpa="false" schemaversion="5">
<suite id="s1" name="Login" source="C:\Users\LENOVO\Desktop\TestAuto\TestAutoWeb\TestSuites\Authentification\Login.robot">
<test id="s1-t1" name="Login with valid credentials" line="21">
<kw name="Open Browser" owner="SeleniumLibrary">
<msg time="2025-04-24T14:44:29.785805" level="INFO">Opening browser 'Chrome' to base url 'https://dev.daxme.fr/'.</msg>
<arg>${URL}</arg>
<arg>${BROWSER}</arg>
<doc>Opens a new browser instance to the optional ``url``.</doc>
<status status="PASS" start="2025-04-24T14:44:29.784806" elapsed="5.913739"/>
</kw>
<kw name="Maximize Browser Window" owner="SeleniumLibrary">
<doc>Maximizes current browser window.</doc>
<status status="PASS" start="2025-04-24T14:44:35.698545" elapsed="0.039004"/>
</kw>
<kw name="Sleep" owner="BuiltIn">
<msg time="2025-04-24T14:44:38.748247" level="INFO">Slept 3 seconds.</msg>
<arg>${DELAY_IN_SECONDS}</arg>
<doc>Pauses the test executed for the given time.</doc>
<status status="PASS" start="2025-04-24T14:44:35.738548" elapsed="3.009699"/>
</kw>
<kw name="Button Cookies">
<kw name="Click Button" owner="SeleniumLibrary">
<msg time="2025-04-24T14:44:38.751082" level="INFO">Clicking button 'id:rcc-confirm-button'.</msg>
<arg>id:rcc-confirm-button</arg>
<doc>Clicks the button identified by ``locator``.</doc>
<status status="PASS" start="2025-04-24T14:44:38.750084" elapsed="0.086052"/>
</kw>
<status status="PASS" start="2025-04-24T14:44:38.750084" elapsed="0.086052"/>
</kw>
<kw name="Button LoginForm">
<kw name="Click Button" owner="SeleniumLibrary">
<msg time="2025-04-24T14:44:38.837137" level="INFO">Clicking button 'xpath://*[@data-test-id="button-login-navbar"]'.</msg>
<arg>xpath://*[@data-test-id="button-login-navbar"]</arg>
<doc>Clicks the button identified by ``locator``.</doc>
<status status="PASS" start="2025-04-24T14:44:38.837137" elapsed="0.090000"/>
</kw>
<status status="PASS" start="2025-04-24T14:44:38.836136" elapsed="0.091001"/>
</kw>
<kw name="Input Email">
<kw name="Input Text" owner="SeleniumLibrary">
<msg time="2025-04-24T14:44:38.930156" level="INFO">Typing text 'testing.daxme@gmail.com' into text field 'id:email'.</msg>
<arg>id:email</arg>
<arg>${email}</arg>
<doc>Types the given ``text`` into the text field identified by ``locator``.</doc>
<status status="PASS" start="2025-04-24T14:44:38.930156" elapsed="0.249995"/>
</kw>
<arg>${VALID_EMAIL}</arg>
<status status="PASS" start="2025-04-24T14:44:38.928141" elapsed="0.253009"/>
</kw>
<kw name="Sleep" owner="BuiltIn">
<msg time="2025-04-24T14:44:42.183172" level="INFO">Slept 3 seconds.</msg>
<arg>${DELAY_IN_SECONDS}</arg>
<doc>Pauses the test executed for the given time.</doc>
<status status="PASS" start="2025-04-24T14:44:39.183150" elapsed="3.000022"/>
</kw>
<kw name="Input Password">
<kw name="Input Text" owner="SeleniumLibrary">
<msg time="2025-04-24T14:44:42.185009" level="INFO">Typing text 'Hamza123&amp;' into text field 'xpath://input[@type='password']'.</msg>
<arg>xpath://input[@type='password']</arg>
<arg>${password}</arg>
<doc>Types the given ``text`` into the text field identified by ``locator``.</doc>
<status status="PASS" start="2025-04-24T14:44:42.185009" elapsed="0.116078"/>
</kw>
<arg>${VALID_PASSWORD}</arg>
<status status="PASS" start="2025-04-24T14:44:42.184010" elapsed="0.117077"/>
</kw>
<kw name="Sleep" owner="BuiltIn">
<msg time="2025-04-24T14:44:45.303116" level="INFO">Slept 3 seconds.</msg>
<arg>${DELAY_IN_SECONDS}</arg>
<doc>Pauses the test executed for the given time.</doc>
<status status="PASS" start="2025-04-24T14:44:42.301087" elapsed="3.002029"/>
</kw>
<kw name="Submit Login">
<kw name="Click Button" owner="SeleniumLibrary">
<msg time="2025-04-24T14:44:45.304094" level="INFO">Clicking button 'xpath://*[@data-test-id='button-login-loginModal']'.</msg>
<arg>xpath://*[@data-test-id='button-login-loginModal']</arg>
<doc>Clicks the button identified by ``locator``.</doc>
<status status="PASS" start="2025-04-24T14:44:45.304094" elapsed="0.101999"/>
</kw>
<status status="PASS" start="2025-04-24T14:44:45.304094" elapsed="0.101999"/>
</kw>
<kw name="Sleep" owner="BuiltIn">
<msg time="2025-04-24T14:44:48.410932" level="INFO">Slept 3 seconds.</msg>
<arg>${DELAY_IN_SECONDS}</arg>
<doc>Pauses the test executed for the given time.</doc>
<status status="PASS" start="2025-04-24T14:44:45.406093" elapsed="3.004839"/>
</kw>
<kw name="Get Location" owner="SeleniumLibrary">
<msg time="2025-04-24T14:44:48.417936" level="INFO">${current_url} = https://dev.daxme.fr/login</msg>
<var>${current_url}</var>
<doc>Returns the current browser window URL.</doc>
<status status="PASS" start="2025-04-24T14:44:48.410932" elapsed="0.007004"/>
</kw>
<kw name="Should Contain" owner="BuiltIn">
<msg time="2025-04-24T14:44:48.418934" level="FAIL">'[https://dev.daxme.fr/landingpage,https://dev.daxme.fr/dashboard]' does not contain 'https://dev.daxme.fr/login'</msg>
<arg>${expectedLandingPageUrl}</arg>
<arg>${current_url}</arg>
<doc>Fails if ``container`` does not contain ``item`` one or more times.</doc>
<status status="FAIL" start="2025-04-24T14:44:48.418934" elapsed="0.000000">'[https://dev.daxme.fr/landingpage,https://dev.daxme.fr/dashboard]' does not contain 'https://dev.daxme.fr/login'</status>
</kw>
<kw name="Close Browser" owner="SeleniumLibrary" type="TEARDOWN">
<doc>Closes the current browser.</doc>
<status status="PASS" start="2025-04-24T14:44:48.419937" elapsed="2.257621"/>
</kw>
<tag>1</tag>
<status status="FAIL" start="2025-04-24T14:44:29.782806" elapsed="20.895672">'[https://dev.daxme.fr/landingpage,https://dev.daxme.fr/dashboard]' does not contain 'https://dev.daxme.fr/login'</status>
</test>
<test id="s1-t2" name="Login with empty fields" line="38">
<kw name="Open Browser" owner="SeleniumLibrary">
<msg time="2025-04-24T14:44:50.682513" level="INFO">Opening browser 'Chrome' to base url 'https://dev.daxme.fr/'.</msg>
<arg>${URL}</arg>
<arg>${BROWSER}</arg>
<doc>Opens a new browser instance to the optional ``url``.</doc>
<status status="PASS" start="2025-04-24T14:44:50.681466" elapsed="2.962201"/>
</kw>
<kw name="Maximize Browser Window" owner="SeleniumLibrary">
<doc>Maximizes current browser window.</doc>
<status status="PASS" start="2025-04-24T14:44:53.643667" elapsed="0.050004"/>
</kw>
<kw name="Sleep" owner="BuiltIn">
<msg time="2025-04-24T14:44:56.698258" level="INFO">Slept 3 seconds.</msg>
<arg>${DELAY_IN_SECONDS}</arg>
<doc>Pauses the test executed for the given time.</doc>
<status status="PASS" start="2025-04-24T14:44:53.695666" elapsed="3.002592"/>
</kw>
<kw name="Button Cookies">
<kw name="Click Button" owner="SeleniumLibrary">
<msg time="2025-04-24T14:44:56.700257" level="INFO">Clicking button 'id:rcc-confirm-button'.</msg>
<arg>id:rcc-confirm-button</arg>
<doc>Clicks the button identified by ``locator``.</doc>
<status status="PASS" start="2025-04-24T14:44:56.699260" elapsed="0.095036"/>
</kw>
<status status="PASS" start="2025-04-24T14:44:56.698258" elapsed="0.096038"/>
</kw>
<kw name="Button LoginForm">
<kw name="Click Button" owner="SeleniumLibrary">
<msg time="2025-04-24T14:44:56.795296" level="INFO">Clicking button 'xpath://*[@data-test-id="button-login-navbar"]'.</msg>
<arg>xpath://*[@data-test-id="button-login-navbar"]</arg>
<doc>Clicks the button identified by ``locator``.</doc>
<status status="PASS" start="2025-04-24T14:44:56.795296" elapsed="0.115000"/>
</kw>
<status status="PASS" start="2025-04-24T14:44:56.795296" elapsed="0.115000"/>
</kw>
<kw name="Submit Login">
<kw name="Click Button" owner="SeleniumLibrary">
<msg time="2025-04-24T14:44:56.912295" level="INFO">Clicking button 'xpath://*[@data-test-id='button-login-loginModal']'.</msg>
<msg time="2025-04-24T14:44:57.128300" level="INFO" html="true">&lt;/td&gt;&lt;/tr&gt;&lt;tr&gt;&lt;td colspan="3"&gt;&lt;a href="selenium-screenshot-1.png"&gt;&lt;img src="selenium-screenshot-1.png" width="800px"&gt;&lt;/a&gt;</msg>
<msg time="2025-04-24T14:44:57.128300" level="FAIL">StaleElementReferenceException: Message: stale element reference: stale element not found in the current frame
  (Session info: chrome=135.0.7049.96); For documentation on this error, please visit: https://www.selenium.dev/documentation/webdriver/troubleshooting/errors#stale-element-reference-exception
Stacktrace:
	GetHandleVerifier [0x00007FF79011EFA5+77893]
	GetHandleVerifier [0x00007FF79011F000+77984]
	(No symbol) [0x00007FF78FEE91BA]
	(No symbol) [0x00007FF78FEF0AEC]
	(No symbol) [0x00007FF78FEF3B5C]
	(No symbol) [0x00007FF78FEF3C2F]
	(No symbol) [0x00007FF78FF390AB]
	(No symbol) [0x00007FF78FF6712A]
	(No symbol) [0x00007FF78FF319E6]
	(No symbol) [0x00007FF78FF67340]
	(No symbol) [0x00007FF78FF8F07F]
	(No symbol) [0x00007FF78FF66F03]
	(No symbol) [0x00007FF78FF30328]
	(No symbol) [0x00007FF78FF31093]
	GetHandleVerifier [0x00007FF7903D7B6D+2931725]
	GetHandleVerifier [0x00007FF7903D2132+2908626]
	GetHandleVerifier [0x00007FF7903F00F3+3031443]
	GetHandleVerifier [0x00007FF7901391EA+184970]
	GetHandleVerifier [0x00007FF79014086F+215311]
	GetHandleVerifier [0x00007FF790126EC4+110436]
	GetHandleVerifier [0x00007FF790127072+110866]
	GetHandleVerifier [0x00007FF79010D479+5401]
	BaseThreadInitThunk [0x00007FF82A0C7374+20]
	RtlUserThreadStart [0x00007FF82ACFCC91+33]
</msg>
<arg>xpath://*[@data-test-id='button-login-loginModal']</arg>
<doc>Clicks the button identified by ``locator``.</doc>
<status status="FAIL" start="2025-04-24T14:44:56.912295" elapsed="0.297998">StaleElementReferenceException: Message: stale element reference: stale element not found in the current frame
  (Session info: chrome=135.0.7049.96); For documentation on this error, please visit: https://www.selenium.dev/documentation/webdriver/troubleshooting/errors#stale-element-reference-exception
Stacktrace:
	GetHandleVerifier [0x00007FF79011EFA5+77893]
	GetHandleVerifier [0x00007FF79011F000+77984]
	(No symbol) [0x00007FF78FEE91BA]
	(No symbol) [0x00007FF78FEF0AEC]
	(No symbol) [0x00007FF78FEF3B5C]
	(No symbol) [0x00007FF78FEF3C2F]
	(No symbol) [0x00007FF78FF390AB]
	(No symbol) [0x00007FF78FF6712A]
	(No symbol) [0x00007FF78FF319E6]
	(No symbol) [0x00007FF78FF67340]
	(No symbol) [0x00007FF78FF8F07F]
	(No symbol) [0x00007FF78FF66F03]
	(No symbol) [0x00007FF78FF30328]
	(No symbol) [0x00007FF78FF31093]
	GetHandleVerifier [0x00007FF7903D7B6D+2931725]
	GetHandleVerifier [0x00007FF7903D2132+2908626]
	GetHandleVerifier [0x00007FF7903F00F3+3031443]
	GetHandleVerifier [0x00007FF7901391EA+184970]
	GetHandleVerifier [0x00007FF79014086F+215311]
	GetHandleVerifier [0x00007FF790126EC4+110436]
	GetHandleVerifier [0x00007FF790127072+110866]
	GetHandleVerifier [0x00007FF79010D479+5401]
	BaseThreadInitThunk [0x00007FF82A0C7374+20]
	RtlUserThreadStart [0x00007FF82ACFCC91+33]
</status>
</kw>
<status status="FAIL" start="2025-04-24T14:44:56.911294" elapsed="0.298999">StaleElementReferenceException: Message: stale element reference: stale element not found in the current frame
  (Session info: chrome=135.0.7049.96); For documentation on this error, please visit: https://www.selenium.dev/documentation/webdriver/troubleshooting/errors#stale-element-reference-exception
Stacktrace:
	GetHandleVerifier [0x00007FF79011EFA5+77893]
	GetHandleVerifier [0x00007FF79011F000+77984]
	(No symbol) [0x00007FF78FEE91BA]
	(No symbol) [0x00007FF78FEF0AEC]
	(No symbol) [0x00007FF78FEF3B5C]
	(No symbol) [0x00007FF78FEF3C2F]
	(No symbol) [0x00007FF78FF390AB]
	(No symbol) [0x00007FF78FF6712A]
	(No symbol) [0x00007FF78FF319E6]
	(No symbol) [0x00007FF78FF67340]
	(No symbol) [0x00007FF78FF8F07F]
	(No symbol) [0x00007FF78FF66F03]
	(No symbol) [0x00007FF78FF30328]
	(No symbol) [0x00007FF78FF31093]
	GetHandleVerifier [0x00007FF7903D7B6D+2931725]
	GetHandleVerifier [0x00007FF7903D2132+2908626]
	GetHandleVerifier [0x00007FF7903F00F3+3031443]
	GetHandleVerifier [0x00007FF7901391EA+184970]
	GetHandleVerifier [0x00007FF79014086F+215311]
	GetHandleVerifier [0x00007FF790126EC4+110436]
	GetHandleVerifier [0x00007FF790127072+110866]
	GetHandleVerifier [0x00007FF79010D479+5401]
	BaseThreadInitThunk [0x00007FF82A0C7374+20]
	RtlUserThreadStart [0x00007FF82ACFCC91+33]
</status>
</kw>
<kw name="Emty email error">
<status status="NOT RUN" start="2025-04-24T14:44:57.211297" elapsed="0.000000"/>
</kw>
<kw name="Emty password error">
<status status="NOT RUN" start="2025-04-24T14:44:57.211297" elapsed="0.000000"/>
</kw>
<kw name="Sleep" owner="BuiltIn">
<arg>${DELAY_IN_SECONDS}</arg>
<doc>Pauses the test executed for the given time.</doc>
<status status="NOT RUN" start="2025-04-24T14:44:57.212319" elapsed="0.000000"/>
</kw>
<kw name="Close Browser" owner="SeleniumLibrary" type="TEARDOWN">
<doc>Closes the current browser.</doc>
<status status="PASS" start="2025-04-24T14:44:57.212319" elapsed="2.234718"/>
</kw>
<tag>2</tag>
<status status="FAIL" start="2025-04-24T14:44:50.680465" elapsed="8.767622">StaleElementReferenceException: Message: stale element reference: stale element not found in the current frame
  (Session info: chrome=135.0.7049.96); For documentation on this error, please visit: https://www.selenium.dev/documentation/webdriver/troubleshooting/errors#stale-element-reference-exception
Stacktrace:
	GetHandleVerifier [0x00007FF79011EFA5+77893]
	GetHandleVerifier [0x00007FF79011F000+77984]
	(No symbol) [0x00007FF78FEE91BA]
	(No symbol) [0x00007FF78FEF0AEC]
	(No symbol) [0x00007FF78FEF3B5C]
	(No symbol) [0x00007FF78FEF3C2F]
	(No symbol) [0x00007FF78FF390AB]
	(No symbol) [0x00007FF78FF6712A]
	(No symbol) [0x00007FF78FF319E6]
	(No symbol) [0x00007FF78FF67340]
	(No symbol) [0x00007FF78FF8F07F]
	(No symbol) [0x00007FF78FF66F03]
	(No symbol) [0x00007FF78FF30328]
	(No symbol) [0x00007FF78FF31093]
	GetHandleVerifier [0x00007FF7903D7B6D+2931725]
	GetHandleVerifier [0x00007FF7903D2132+2908626]
	GetHandleVerifier [0x00007FF7903F00F3+3031443]
	GetHandleVerifier [0x00007FF7901391EA+184970]
	GetHandleVerifier [0x00007FF79014086F+215311]
	GetHandleVerifier [0x00007FF790126EC4+110436]
	GetHandleVerifier [0x00007FF790127072+110866]
	GetHandleVerifier [0x00007FF79010D479+5401]
	BaseThreadInitThunk [0x00007FF82A0C7374+20]
	RtlUserThreadStart [0x00007FF82ACFCC91+33]
</status>
</test>
<test id="s1-t3" name="Login with email or password invalid" line="51">
<kw name="Open Browser" owner="SeleniumLibrary">
<msg time="2025-04-24T14:44:59.457056" level="INFO">Opening browser 'Chrome' to base url 'https://dev.daxme.fr/'.</msg>
<arg>${URL}</arg>
<arg>${BROWSER}</arg>
<doc>Opens a new browser instance to the optional ``url``.</doc>
<status status="PASS" start="2025-04-24T14:44:59.456026" elapsed="3.215933"/>
</kw>
<kw name="Maximize Browser Window" owner="SeleniumLibrary">
<doc>Maximizes current browser window.</doc>
<status status="PASS" start="2025-04-24T14:45:02.672941" elapsed="0.047000"/>
</kw>
<kw name="Sleep" owner="BuiltIn">
<msg time="2025-04-24T14:45:05.733107" level="INFO">Slept 3 seconds.</msg>
<arg>${DELAY_IN_SECONDS}</arg>
<doc>Pauses the test executed for the given time.</doc>
<status status="PASS" start="2025-04-24T14:45:02.720945" elapsed="3.012162"/>
</kw>
<kw name="Button Cookies">
<kw name="Click Button" owner="SeleniumLibrary">
<msg time="2025-04-24T14:45:05.734108" level="INFO">Clicking button 'id:rcc-confirm-button'.</msg>
<arg>id:rcc-confirm-button</arg>
<doc>Clicks the button identified by ``locator``.</doc>
<status status="PASS" start="2025-04-24T14:45:05.734108" elapsed="0.086155"/>
</kw>
<status status="PASS" start="2025-04-24T14:45:05.734108" elapsed="0.086155"/>
</kw>
<kw name="Button LoginForm">
<kw name="Click Button" owner="SeleniumLibrary">
<msg time="2025-04-24T14:45:05.822308" level="INFO">Clicking button 'xpath://*[@data-test-id="button-login-navbar"]'.</msg>
<arg>xpath://*[@data-test-id="button-login-navbar"]</arg>
<doc>Clicks the button identified by ``locator``.</doc>
<status status="PASS" start="2025-04-24T14:45:05.822308" elapsed="0.088954"/>
</kw>
<status status="PASS" start="2025-04-24T14:45:05.821279" elapsed="0.089983"/>
</kw>
<kw name="Input Email">
<kw name="Input Text" owner="SeleniumLibrary">
<msg time="2025-04-24T14:45:05.915261" level="INFO">Typing text 'testing.daxme@gmail.com' into text field 'id:email'.</msg>
<arg>id:email</arg>
<arg>${email}</arg>
<doc>Types the given ``text`` into the text field identified by ``locator``.</doc>
<status status="PASS" start="2025-04-24T14:45:05.914280" elapsed="0.255056"/>
</kw>
<arg>${INVALID_EMAIL}</arg>
<status status="PASS" start="2025-04-24T14:45:05.913266" elapsed="0.257068"/>
</kw>
<kw name="Sleep" owner="BuiltIn">
<msg time="2025-04-24T14:45:09.177328" level="INFO">Slept 3 seconds.</msg>
<arg>${DELAY_IN_SECONDS}</arg>
<doc>Pauses the test executed for the given time.</doc>
<status status="PASS" start="2025-04-24T14:45:06.170334" elapsed="3.006994"/>
</kw>
<kw name="Input Password">
<kw name="Input Text" owner="SeleniumLibrary">
<msg time="2025-04-24T14:45:09.181376" level="INFO">Typing text 'Hamza123*' into text field 'xpath://input[@type='password']'.</msg>
<arg>xpath://input[@type='password']</arg>
<arg>${password}</arg>
<doc>Types the given ``text`` into the text field identified by ``locator``.</doc>
<status status="PASS" start="2025-04-24T14:45:09.180324" elapsed="0.110986"/>
</kw>
<arg>${INVALID_PASSWORD}</arg>
<status status="PASS" start="2025-04-24T14:45:09.179318" elapsed="0.111992"/>
</kw>
<kw name="Sleep" owner="BuiltIn">
<msg time="2025-04-24T14:45:12.304391" level="INFO">Slept 3 seconds.</msg>
<arg>${DELAY_IN_SECONDS}</arg>
<doc>Pauses the test executed for the given time.</doc>
<status status="PASS" start="2025-04-24T14:45:09.292310" elapsed="3.012081"/>
</kw>
<kw name="Submit Login">
<kw name="Click Button" owner="SeleniumLibrary">
<msg time="2025-04-24T14:45:12.309372" level="INFO">Clicking button 'xpath://*[@data-test-id='button-login-loginModal']'.</msg>
<arg>xpath://*[@data-test-id='button-login-loginModal']</arg>
<doc>Clicks the button identified by ``locator``.</doc>
<status status="PASS" start="2025-04-24T14:45:12.308376" elapsed="0.101951"/>
</kw>
<status status="PASS" start="2025-04-24T14:45:12.307354" elapsed="0.102973"/>
</kw>
<kw name="Sleep" owner="BuiltIn">
<msg time="2025-04-24T14:45:15.422508" level="INFO">Slept 3 seconds.</msg>
<arg>${DELAY_IN_SECONDS}</arg>
<doc>Pauses the test executed for the given time.</doc>
<status status="PASS" start="2025-04-24T14:45:12.411332" elapsed="3.011176"/>
</kw>
<kw name="Invalid email or password error">
<kw name="Element Should Contain" owner="SeleniumLibrary">
<msg time="2025-04-24T14:45:15.450485" level="INFO">Element 'xpath://*[@data-test-id="login_field_error"]' contains text 'Email ou mot de passe invalide'.</msg>
<arg>xpath://*[@data-test-id="login_field_error"]</arg>
<arg>Email ou mot de passe invalide</arg>
<doc>Verifies that element ``locator`` contains text ``expected``.</doc>
<status status="PASS" start="2025-04-24T14:45:15.423493" elapsed="0.027991"/>
</kw>
<status status="PASS" start="2025-04-24T14:45:15.422508" elapsed="0.028976"/>
</kw>
<kw name="Close Browser" owner="SeleniumLibrary" type="TEARDOWN">
<doc>Closes the current browser.</doc>
<status status="PASS" start="2025-04-24T14:45:15.451484" elapsed="2.256699"/>
</kw>
<tag>3</tag>
<status status="PASS" start="2025-04-24T14:44:59.456026" elapsed="18.253160"/>
</test>
<test id="s1-t4" name="Login with email invalid" line="67">
<kw name="Open Browser" owner="SeleniumLibrary">
<msg time="2025-04-24T14:45:17.713180" level="INFO">Opening browser 'Chrome' to base url 'https://dev.daxme.fr/'.</msg>
<arg>${URL}</arg>
<arg>${BROWSER}</arg>
<doc>Opens a new browser instance to the optional ``url``.</doc>
<status status="PASS" start="2025-04-24T14:45:17.712180" elapsed="2.897630"/>
</kw>
<kw name="Maximize Browser Window" owner="SeleniumLibrary">
<doc>Maximizes current browser window.</doc>
<status status="PASS" start="2025-04-24T14:45:20.610800" elapsed="0.051022"/>
</kw>
<kw name="Sleep" owner="BuiltIn">
<msg time="2025-04-24T14:45:23.672048" level="INFO">Slept 3 seconds.</msg>
<arg>${DELAY_IN_SECONDS}</arg>
<doc>Pauses the test executed for the given time.</doc>
<status status="PASS" start="2025-04-24T14:45:20.664830" elapsed="3.007218"/>
</kw>
<kw name="Button Cookies">
<kw name="Click Button" owner="SeleniumLibrary">
<msg time="2025-04-24T14:45:23.674049" level="INFO">Clicking button 'id:rcc-confirm-button'.</msg>
<arg>id:rcc-confirm-button</arg>
<doc>Clicks the button identified by ``locator``.</doc>
<status status="PASS" start="2025-04-24T14:45:23.674049" elapsed="0.092002"/>
</kw>
<status status="PASS" start="2025-04-24T14:45:23.673050" elapsed="0.093001"/>
</kw>
<kw name="Button LoginForm">
<kw name="Click Button" owner="SeleniumLibrary">
<msg time="2025-04-24T14:45:23.768048" level="INFO">Clicking button 'xpath://*[@data-test-id="button-login-navbar"]'.</msg>
<arg>xpath://*[@data-test-id="button-login-navbar"]</arg>
<doc>Clicks the button identified by ``locator``.</doc>
<status status="PASS" start="2025-04-24T14:45:23.767050" elapsed="0.110002"/>
</kw>
<status status="PASS" start="2025-04-24T14:45:23.767050" elapsed="0.110002"/>
</kw>
<kw name="Input Email">
<kw name="Input Text" owner="SeleniumLibrary">
<msg time="2025-04-24T14:45:23.879051" level="INFO">Typing text 'hamza.com' into text field 'id:email'.</msg>
<arg>id:email</arg>
<arg>${email}</arg>
<doc>Types the given ``text`` into the text field identified by ``locator``.</doc>
<status status="PASS" start="2025-04-24T14:45:23.878050" elapsed="0.185018"/>
</kw>
<arg>${EMAIL_INVALID}</arg>
<status status="PASS" start="2025-04-24T14:45:23.877052" elapsed="0.186016"/>
</kw>
<kw name="Sleep" owner="BuiltIn">
<msg time="2025-04-24T14:45:27.078421" level="INFO">Slept 3 seconds.</msg>
<arg>${DELAY_IN_SECONDS}</arg>
<doc>Pauses the test executed for the given time.</doc>
<status status="PASS" start="2025-04-24T14:45:24.063068" elapsed="3.016212"/>
</kw>
<kw name="Input Password">
<kw name="Input Text" owner="SeleniumLibrary">
<msg time="2025-04-24T14:45:27.082325" level="INFO">Typing text 'Hamza123*' into text field 'xpath://input[@type='password']'.</msg>
<arg>xpath://input[@type='password']</arg>
<arg>${password}</arg>
<doc>Types the given ``text`` into the text field identified by ``locator``.</doc>
<status status="PASS" start="2025-04-24T14:45:27.081285" elapsed="0.119984"/>
</kw>
<arg>${INVALID_PASSWORD}</arg>
<status status="PASS" start="2025-04-24T14:45:27.080326" elapsed="0.120943"/>
</kw>
<kw name="Sleep" owner="BuiltIn">
<msg time="2025-04-24T14:45:30.210292" level="INFO">Slept 3 seconds.</msg>
<arg>${DELAY_IN_SECONDS}</arg>
<doc>Pauses the test executed for the given time.</doc>
<status status="PASS" start="2025-04-24T14:45:27.202269" elapsed="3.008023"/>
</kw>
<kw name="Invalid email error">
<kw name="Element Should Contain" owner="SeleniumLibrary">
<msg time="2025-04-24T14:45:30.234187" level="INFO">Element 'xpath://*[@data-test-id="schema:validate_email"]' contains text 'S'il vous plaît entrez un email valide'.</msg>
<arg>xpath://*[@data-test-id="schema:validate_email"]</arg>
<arg>S'il vous plaît entrez un email valide</arg>
<doc>Verifies that element ``locator`` contains text ``expected``.</doc>
<status status="PASS" start="2025-04-24T14:45:30.211191" elapsed="0.023997"/>
</kw>
<status status="PASS" start="2025-04-24T14:45:30.211191" elapsed="0.023997"/>
</kw>
<kw name="Close Browser" owner="SeleniumLibrary" type="TEARDOWN">
<doc>Closes the current browser.</doc>
<status status="PASS" start="2025-04-24T14:45:30.235188" elapsed="2.223371"/>
</kw>
<tag>3</tag>
<status status="PASS" start="2025-04-24T14:45:17.711183" elapsed="14.748328"/>
</test>
<doc>Test cases for login functionality.</doc>
<status status="FAIL" start="2025-04-24T14:44:29.566751" elapsed="62.896816"/>
</suite>
<statistics>
<total>
<stat pass="2" fail="2" skip="0">All Tests</stat>
</total>
<tag>
<stat pass="0" fail="1" skip="0">1</stat>
<stat pass="0" fail="1" skip="0">2</stat>
<stat pass="2" fail="0" skip="0">3</stat>
</tag>
<suite>
<stat pass="2" fail="2" skip="0" id="s1" name="Login">Login</stat>
</suite>
</statistics>
<errors>
</errors>
</robot>
