<?xml version="1.0" encoding="UTF-8"?>
<robot generator="Robot 7.0 (Python 3.9.1 on win32)" generated="2024-02-13T17:01:04.559554" rpa="false" schemaversion="5">
<suite id="s1" name="Login" source="C:\Users\LENOVO\Desktop\TestAutoWeb\TestSuites\Authentification\Login.robot">
<test id="s1-t1" name="Login with valid credentials" line="50">
<kw name="Open Browser" owner="SeleniumLibrary">
<msg time="2024-02-13T17:01:04.730556" level="INFO">Opening browser 'Chrome' to base url 'https://platform.daxme.fr/'.</msg>
<arg>${URL}</arg>
<arg>${BROWSER}</arg>
<doc>Opens a new browser instance to the optional ``url``.</doc>
<status status="PASS" start="2024-02-13T17:01:04.730556" elapsed="3.877678"/>
</kw>
<kw name="Maximize Browser Window" owner="SeleniumLibrary">
<doc>Maximizes current browser window.</doc>
<status status="PASS" start="2024-02-13T17:01:08.609241" elapsed="0.120990"/>
</kw>
<kw name="Sleep" owner="BuiltIn">
<msg time="2024-02-13T17:01:11.742391" level="INFO">Slept 3 seconds.</msg>
<arg>${DELAY_IN_SECONDS}</arg>
<doc>Pauses the test executed for the given time.</doc>
<status status="PASS" start="2024-02-13T17:01:08.730231" elapsed="3.012160"/>
</kw>
<kw name="Button Cookies">
<kw name="Click Button" owner="SeleniumLibrary">
<msg time="2024-02-13T17:01:11.743362" level="INFO">Clicking button 'id:rcc-decline-button'.</msg>
<msg time="2024-02-13T17:01:11.930359" level="INFO" html="true">&lt;/td&gt;&lt;/tr&gt;&lt;tr&gt;&lt;td colspan="3"&gt;&lt;a href="selenium-screenshot-1.png"&gt;&lt;img src="selenium-screenshot-1.png" width="800px"&gt;&lt;/a&gt;</msg>
<msg time="2024-02-13T17:01:11.930359" level="FAIL">Button with locator 'id:rcc-decline-button' not found.</msg>
<arg>id:rcc-decline-button</arg>
<doc>Clicks the button identified by ``locator``.</doc>
<status status="FAIL" start="2024-02-13T17:01:11.743362" elapsed="0.189027">Button with locator 'id:rcc-decline-button' not found.</status>
</kw>
<status status="FAIL" start="2024-02-13T17:01:11.743362" elapsed="0.189027">Button with locator 'id:rcc-decline-button' not found.</status>
</kw>
<kw name="Button LoginForm">
<status status="NOT RUN" start="2024-02-13T17:01:11.933362" elapsed="0.000000"/>
</kw>
<kw name="Input Email">
<arg>${VALID_EMAIL}</arg>
<status status="NOT RUN" start="2024-02-13T17:01:11.933362" elapsed="0.000000"/>
</kw>
<kw name="Sleep" owner="BuiltIn">
<arg>${DELAY_IN_SECONDS}</arg>
<doc>Pauses the test executed for the given time.</doc>
<status status="NOT RUN" start="2024-02-13T17:01:11.934360" elapsed="0.000000"/>
</kw>
<kw name="Input Password">
<arg>${VALID_PASSWORD}</arg>
<status status="NOT RUN" start="2024-02-13T17:01:11.934360" elapsed="0.001000"/>
</kw>
<kw name="Sleep" owner="BuiltIn">
<arg>${DELAY_IN_SECONDS}</arg>
<doc>Pauses the test executed for the given time.</doc>
<status status="NOT RUN" start="2024-02-13T17:01:11.935360" elapsed="0.000000"/>
</kw>
<kw name="Submit Login">
<status status="NOT RUN" start="2024-02-13T17:01:11.936360" elapsed="0.000000"/>
</kw>
<kw name="Sleep" owner="BuiltIn">
<arg>${DELAY_IN_SECONDS}</arg>
<doc>Pauses the test executed for the given time.</doc>
<status status="NOT RUN" start="2024-02-13T17:01:11.936360" elapsed="0.000000"/>
</kw>
<kw name="Get Location" owner="SeleniumLibrary">
<var>${current_url}</var>
<doc>Returns the current browser window URL.</doc>
<status status="NOT RUN" start="2024-02-13T17:01:11.936360" elapsed="0.001031"/>
</kw>
<kw name="Log" owner="BuiltIn">
<arg>Current URL after login: ${current_url}</arg>
<doc>Logs the given message with the given level.</doc>
<status status="NOT RUN" start="2024-02-13T17:01:11.937391" elapsed="0.000000"/>
</kw>
<kw name="Should Be Equal" owner="BuiltIn">
<arg>${current_url}</arg>
<arg>${expectedLandingPageUrl}</arg>
<doc>Fails if the given objects are unequal.</doc>
<status status="NOT RUN" start="2024-02-13T17:01:11.937391" elapsed="0.000000"/>
</kw>
<kw name="Close Browser" owner="SeleniumLibrary" type="TEARDOWN">
<doc>Closes the current browser.</doc>
<status status="PASS" start="2024-02-13T17:01:11.937391" elapsed="2.111026"/>
</kw>
<tag>1</tag>
<status status="FAIL" start="2024-02-13T17:01:04.729524" elapsed="9.318893">Button with locator 'id:rcc-decline-button' not found.</status>
</test>
<test id="s1-t2" name="Login with empty fields" line="68">
<kw name="Open Browser" owner="SeleniumLibrary">
<msg time="2024-02-13T17:01:14.050416" level="INFO">Opening browser 'Chrome' to base url 'https://platform.daxme.fr/'.</msg>
<arg>${URL}</arg>
<arg>${BROWSER}</arg>
<doc>Opens a new browser instance to the optional ``url``.</doc>
<status status="PASS" start="2024-02-13T17:01:14.050416" elapsed="3.796890"/>
</kw>
<kw name="Maximize Browser Window" owner="SeleniumLibrary">
<doc>Maximizes current browser window.</doc>
<status status="PASS" start="2024-02-13T17:01:17.847306" elapsed="0.267999"/>
</kw>
<kw name="Sleep" owner="BuiltIn">
<msg time="2024-02-13T17:01:21.132119" level="INFO">Slept 3 seconds.</msg>
<arg>${DELAY_IN_SECONDS}</arg>
<doc>Pauses the test executed for the given time.</doc>
<status status="PASS" start="2024-02-13T17:01:18.115305" elapsed="3.016814"/>
</kw>
<kw name="Button Cookies">
<kw name="Click Button" owner="SeleniumLibrary">
<msg time="2024-02-13T17:01:21.133087" level="INFO">Clicking button 'id:rcc-decline-button'.</msg>
<msg time="2024-02-13T17:01:21.348523" level="INFO" html="true">&lt;/td&gt;&lt;/tr&gt;&lt;tr&gt;&lt;td colspan="3"&gt;&lt;a href="selenium-screenshot-2.png"&gt;&lt;img src="selenium-screenshot-2.png" width="800px"&gt;&lt;/a&gt;</msg>
<msg time="2024-02-13T17:01:21.348523" level="FAIL">Button with locator 'id:rcc-decline-button' not found.</msg>
<arg>id:rcc-decline-button</arg>
<doc>Clicks the button identified by ``locator``.</doc>
<status status="FAIL" start="2024-02-13T17:01:21.133087" elapsed="0.215436">Button with locator 'id:rcc-decline-button' not found.</status>
</kw>
<status status="FAIL" start="2024-02-13T17:01:21.133087" elapsed="0.215436">Button with locator 'id:rcc-decline-button' not found.</status>
</kw>
<kw name="Button LoginForm">
<status status="NOT RUN" start="2024-02-13T17:01:21.349522" elapsed="0.000000"/>
</kw>
<kw name="Submit Login">
<status status="NOT RUN" start="2024-02-13T17:01:21.349522" elapsed="0.000000"/>
</kw>
<kw name="Emty email error">
<status status="NOT RUN" start="2024-02-13T17:01:21.350524" elapsed="0.000000"/>
</kw>
<kw name="Emty password error">
<status status="NOT RUN" start="2024-02-13T17:01:21.350524" elapsed="0.000000"/>
</kw>
<kw name="Sleep" owner="BuiltIn">
<arg>${DELAY_IN_SECONDS}</arg>
<doc>Pauses the test executed for the given time.</doc>
<status status="NOT RUN" start="2024-02-13T17:01:21.350524" elapsed="0.000000"/>
</kw>
<kw name="Close Browser" owner="SeleniumLibrary" type="TEARDOWN">
<doc>Closes the current browser.</doc>
<status status="PASS" start="2024-02-13T17:01:21.351524" elapsed="2.113833"/>
</kw>
<tag>2</tag>
<status status="FAIL" start="2024-02-13T17:01:14.049417" elapsed="9.415940">Button with locator 'id:rcc-decline-button' not found.</status>
</test>
<test id="s1-t3" name="Login with email or password invalid" line="81">
<kw name="Open Browser" owner="SeleniumLibrary">
<msg time="2024-02-13T17:01:23.468327" level="INFO">Opening browser 'Chrome' to base url 'https://platform.daxme.fr/'.</msg>
<arg>${URL}</arg>
<arg>${BROWSER}</arg>
<doc>Opens a new browser instance to the optional ``url``.</doc>
<status status="PASS" start="2024-02-13T17:01:23.467328" elapsed="3.545165"/>
</kw>
<kw name="Maximize Browser Window" owner="SeleniumLibrary">
<doc>Maximizes current browser window.</doc>
<status status="PASS" start="2024-02-13T17:01:27.013495" elapsed="0.127997"/>
</kw>
<kw name="Sleep" owner="BuiltIn">
<arg>${DELAY_IN_SECONDS}</arg>
<doc>Pauses the test executed for the given time.</doc>
<status status="FAIL" start="2024-02-13T17:01:27.142492" elapsed="2.084002">Execution terminated by signal</status>
</kw>
<kw name="Button Cookies">
<status status="NOT RUN" start="2024-02-13T17:01:29.227493" elapsed="0.000000"/>
</kw>
